app/build/intermediates/manifest_merge_blame_file/debug/manifest-merger-blame-debug-report.txt
1<?xml version="1.0" encoding="utf-8"?>
2<manifest xmlns:android="http://schemas.android.com/apk/res/android"
3    package="com.example.crime_report_management_system_miniproject"
4    android:versionCode="1"
5    android:versionName="1.0" >
6
7    <uses-sdk
8        android:minSdkVersion="21"
8-->src\main\AndroidManifest.xml
9        android:targetSdkVersion="29" />
9-->src\main\AndroidManifest.xml
10
11    <!--
12         The ACCESS_COARSE/FINE_LOCATION permissions are not required to use
13         Google Maps Android API v2, but you must specify either coarse or fine
14         location permissions for the 'MyLocation' functionality.
15    -->
16    <uses-permission android:name="android.permission.ACCESS_FINE_LOCATION" />
16-->src\main\AndroidManifest.xml:10:5-79
16-->src\main\AndroidManifest.xml:10:22-76
17    <uses-permission android:name="android.permission.INTERNET" />
17-->src\main\AndroidManifest.xml:11:5-67
17-->src\main\AndroidManifest.xml:11:22-64
18    <uses-permission android:name="android.permission.CALL_PHONE" />
18-->src\main\AndroidManifest.xml:12:5-69
18-->src\main\AndroidManifest.xml:12:22-66
19    <uses-permission android:name="android.permission.READ_EXTERNAL_STORAGE" />
19-->src\main\AndroidManifest.xml:13:5-80
19-->src\main\AndroidManifest.xml:13:22-77
20    <uses-permission android:name="android.permission.SEND_SMS" />
20-->src\main\AndroidManifest.xml:14:5-67
20-->src\main\AndroidManifest.xml:14:22-64
21    <uses-permission android:name="android.permission.RECEIVE_SMS" />
21-->src\main\AndroidManifest.xml:15:5-70
21-->src\main\AndroidManifest.xml:15:22-67
22    <uses-permission android:name="android.permission.ACCESS_COARSE_LOCATION" />
22-->src\main\AndroidManifest.xml:16:5-81
22-->src\main\AndroidManifest.xml:16:22-78
23    <uses-permission android:name="android.permission.WRITE_EXTERNAL_STORAGE" />
23-->src\main\AndroidManifest.xml:17:5-81
23-->src\main\AndroidManifest.xml:17:22-78
24    <uses-permission android:name="android.permission.SET_WALLPAPER" />
24-->src\main\AndroidManifest.xml:18:5-72
24-->src\main\AndroidManifest.xml:18:22-69
25    <uses-permission android:name="android.permission.ACCESS_NETWORK_STATE" />
25-->[com.google.firebase:firebase-database:16.0.4] AndroidManifest.xml:22:5-79
25-->[com.google.firebase:firebase-database:16.0.4] AndroidManifest.xml:22:22-76
26
27    <uses-feature
27-->[com.google.android.gms:play-services-maps:17.0.0] AndroidManifest.xml:26:5-28:35
28        android:glEsVersion="0x00020000"
28-->[com.google.android.gms:play-services-maps:17.0.0] AndroidManifest.xml:27:9-41
29        android:required="true" />
29-->[com.google.android.gms:play-services-maps:17.0.0] AndroidManifest.xml:28:9-32
30
31    <application
31-->src\main\AndroidManifest.xml:20:5-65:19
32        android:allowBackup="true"
32-->src\main\AndroidManifest.xml:21:9-35
33        android:appComponentFactory="androidx.core.app.CoreComponentFactory"
33-->[androidx.core:core:1.1.0] AndroidManifest.xml:24:18-86
34        android:debuggable="true"
35        android:icon="@drawable/icon_police"
35-->src\main\AndroidManifest.xml:22:9-45
36        android:label="@string/app_name"
36-->src\main\AndroidManifest.xml:23:9-41
37        android:roundIcon="@mipmap/ic_launcher_round"
37-->src\main\AndroidManifest.xml:24:9-54
38        android:supportsRtl="true"
38-->src\main\AndroidManifest.xml:25:9-35
39        android:testOnly="true"
40        android:theme="@style/AppTheme" >
40-->src\main\AndroidManifest.xml:26:9-40
41
42        <!--
43             The API key for Google Maps-based APIs is defined as a string resource.
44             (See the file "res/values/google_maps_api.xml").
45             Note that the API key is linked to the encryption key used to sign the APK.
46             You need a different API key for each encryption key, including the release key that is used to
47             sign the APK for publishing.
48             You can define the keys for the debug and release targets in src/debug/ and src/release/.
49        -->
50        <meta-data
50-->src\main\AndroidManifest.xml:36:9-38:55
51            android:name="com.google.android.geo.API_KEY"
51-->src\main\AndroidManifest.xml:37:13-58
52            android:value="@string/google_maps_key" />
52-->src\main\AndroidManifest.xml:38:13-52
53
54        <activity
54-->src\main\AndroidManifest.xml:40:9-42:79
55            android:name="com.example.crime_report_management_system_miniproject.ShowCrimeMapsActivity"
55-->src\main\AndroidManifest.xml:41:13-50
56            android:label="@string/title_activity_show_crime_maps" />
56-->src\main\AndroidManifest.xml:42:13-67
57        <activity android:name="com.example.crime_report_management_system_miniproject.AdminViewCriminalDetailsActivity" />
57-->src\main\AndroidManifest.xml:43:9-70
57-->src\main\AndroidManifest.xml:43:19-67
58        <activity android:name="com.example.crime_report_management_system_miniproject.AdminAddCriminalDetailsActivity" />
58-->src\main\AndroidManifest.xml:44:9-69
58-->src\main\AndroidManifest.xml:44:19-66
59        <activity android:name="com.example.crime_report_management_system_miniproject.AdminMissingReportsActivity" />
59-->src\main\AndroidManifest.xml:45:9-65
59-->src\main\AndroidManifest.xml:45:19-62
60        <activity android:name="com.example.crime_report_management_system_miniproject.AdminCrimeReportsActivity" />
60-->src\main\AndroidManifest.xml:46:9-63
60-->src\main\AndroidManifest.xml:46:19-60
61        <activity android:name="com.example.crime_report_management_system_miniproject.AdminDashboardActivity" />
61-->src\main\AndroidManifest.xml:47:9-60
61-->src\main\AndroidManifest.xml:47:19-57
62        <activity android:name="com.example.crime_report_management_system_miniproject.YourMissingReport" />
62-->src\main\AndroidManifest.xml:48:9-55
62-->src\main\AndroidManifest.xml:48:19-52
63        <activity android:name="com.example.crime_report_management_system_miniproject.PostMissingReportActivity" />
63-->src\main\AndroidManifest.xml:49:9-63
63-->src\main\AndroidManifest.xml:49:19-60
64        <activity android:name="com.example.crime_report_management_system_miniproject.ProfileActivity" />
64-->src\main\AndroidManifest.xml:50:9-53
64-->src\main\AndroidManifest.xml:50:19-50
65        <activity android:name="com.example.crime_report_management_system_miniproject.YourCrimeReport" />
65-->src\main\AndroidManifest.xml:51:9-53
65-->src\main\AndroidManifest.xml:51:19-50
66        <activity android:name="com.example.crime_report_management_system_miniproject.PostActivity" />
66-->src\main\AndroidManifest.xml:52:9-50
66-->src\main\AndroidManifest.xml:52:19-47
67        <activity android:name="com.example.crime_report_management_system_miniproject.UIActivity" />
67-->src\main\AndroidManifest.xml:53:9-48
67-->src\main\AndroidManifest.xml:53:19-45
68        <activity android:name="com.example.crime_report_management_system_miniproject.RegisterActivity" />
68-->src\main\AndroidManifest.xml:54:9-54
68-->src\main\AndroidManifest.xml:54:19-51
69        <activity android:name="com.example.crime_report_management_system_miniproject.AdminLoginActivity" />
69-->src\main\AndroidManifest.xml:55:9-56
69-->src\main\AndroidManifest.xml:55:19-53
70        <activity android:name="com.example.crime_report_management_system_miniproject.LoginActivity" />
70-->src\main\AndroidManifest.xml:56:9-51
70-->src\main\AndroidManifest.xml:56:19-48
71        <activity android:name="com.example.crime_report_management_system_miniproject.FirstActivity" />
71-->src\main\AndroidManifest.xml:57:9-51
71-->src\main\AndroidManifest.xml:57:19-48
72        <activity android:name="com.example.crime_report_management_system_miniproject.SplashActivity" >
72-->src\main\AndroidManifest.xml:58:9-64:20
72-->src\main\AndroidManifest.xml:58:19-49
73            <intent-filter>
73-->src\main\AndroidManifest.xml:59:13-63:29
74                <action android:name="android.intent.action.MAIN" />
74-->src\main\AndroidManifest.xml:60:17-69
74-->src\main\AndroidManifest.xml:60:25-66
75
76                <category android:name="android.intent.category.LAUNCHER" />
76-->src\main\AndroidManifest.xml:62:17-77
76-->src\main\AndroidManifest.xml:62:27-74
77            </intent-filter>
78        </activity>
79        <activity
79-->[com.google.firebase:firebase-auth:16.0.5] AndroidManifest.xml:24:9-31:50
80            android:name="com.google.firebase.auth.internal.FederatedSignInActivity"
80-->[com.google.firebase:firebase-auth:16.0.5] AndroidManifest.xml:25:13-85
81            android:excludeFromRecents="true"
81-->[com.google.firebase:firebase-auth:16.0.5] AndroidManifest.xml:26:13-46
82            android:exported="true"
82-->[com.google.firebase:firebase-auth:16.0.5] AndroidManifest.xml:27:13-36
83            android:launchMode="singleTask"
83-->[com.google.firebase:firebase-auth:16.0.5] AndroidManifest.xml:28:13-44
84            android:permission="com.google.firebase.auth.api.gms.permission.LAUNCH_FEDERATED_SIGN_IN"
84-->[com.google.firebase:firebase-auth:16.0.5] AndroidManifest.xml:29:13-102
85            android:theme="@android:style/Theme.Translucent.NoTitleBar" />
85-->[com.google.firebase:firebase-auth:16.0.5] AndroidManifest.xml:30:13-72
86
87        <service
87-->[com.google.firebase:firebase-auth:16.0.5] AndroidManifest.xml:33:9-39:19
88            android:name="com.google.firebase.components.ComponentDiscoveryService"
88-->[com.google.firebase:firebase-auth:16.0.5] AndroidManifest.xml:34:13-84
89            android:exported="false" >
89-->[com.google.firebase:firebase-auth:16.0.5] AndroidManifest.xml:35:13-37
90            <meta-data
90-->[com.google.firebase:firebase-auth:16.0.5] AndroidManifest.xml:36:13-38:85
91                android:name="com.google.firebase.components:com.google.firebase.auth.FirebaseAuthRegistrar"
91-->[com.google.firebase:firebase-auth:16.0.5] AndroidManifest.xml:37:17-109
92                android:value="com.google.firebase.components.ComponentRegistrar" />
92-->[com.google.firebase:firebase-auth:16.0.5] AndroidManifest.xml:38:17-82
93        </service> <!-- Needs to be explicitly declared on P+ -->
94        <uses-library
94-->[com.google.android.gms:play-services-maps:17.0.0] AndroidManifest.xml:33:9-35:40
95            android:name="org.apache.http.legacy"
95-->[com.google.android.gms:play-services-maps:17.0.0] AndroidManifest.xml:34:13-50
96            android:required="false" />
96-->[com.google.android.gms:play-services-maps:17.0.0] AndroidManifest.xml:35:13-37
97
98        <provider
98-->[com.squareup.picasso:picasso:2.71828] AndroidManifest.xml:8:9-11:40
99            android:name="com.squareup.picasso.PicassoProvider"
99-->[com.squareup.picasso:picasso:2.71828] AndroidManifest.xml:9:13-64
100            android:authorities="com.example.crime_report_management_system_miniproject.com.squareup.picasso"
100-->[com.squareup.picasso:picasso:2.71828] AndroidManifest.xml:10:13-72
101            android:exported="false" />
101-->[com.squareup.picasso:picasso:2.71828] AndroidManifest.xml:11:13-37
102
103        <activity
103-->[com.google.android.gms:play-services-base:17.0.0] AndroidManifest.xml:23:9-26:75
104            android:name="com.google.android.gms.common.api.GoogleApiActivity"
104-->[com.google.android.gms:play-services-base:17.0.0] AndroidManifest.xml:24:13-79
105            android:exported="false"
105-->[com.google.android.gms:play-services-base:17.0.0] AndroidManifest.xml:25:13-37
106            android:theme="@android:style/Theme.Translucent.NoTitleBar" />
106-->[com.google.android.gms:play-services-base:17.0.0] AndroidManifest.xml:26:13-72
107
108        <provider
108-->[com.google.firebase:firebase-common:16.0.3] AndroidManifest.xml:10:9-14:39
109            android:name="com.google.firebase.provider.FirebaseInitProvider"
109-->[com.google.firebase:firebase-common:16.0.3] AndroidManifest.xml:11:13-77
110            android:authorities="com.example.crime_report_management_system_miniproject.firebaseinitprovider"
110-->[com.google.firebase:firebase-common:16.0.3] AndroidManifest.xml:12:13-72
111            android:exported="false"
111-->[com.google.firebase:firebase-common:16.0.3] AndroidManifest.xml:13:13-37
112            android:initOrder="100" />
112-->[com.google.firebase:firebase-common:16.0.3] AndroidManifest.xml:14:13-36
113
114        <meta-data
114-->[com.google.android.gms:play-services-basement:17.0.0] AndroidManifest.xml:23:9-25:69
115            android:name="com.google.android.gms.version"
115-->[com.google.android.gms:play-services-basement:17.0.0] AndroidManifest.xml:24:13-58
116            android:value="@integer/google_play_services_version" />
116-->[com.google.android.gms:play-services-basement:17.0.0] AndroidManifest.xml:25:13-66
117    </application>
118
119</manifest>